[debug] [2019-03-30T20:24:35.175Z] ----------------------------------------------------------------------
[debug] [2019-03-30T20:24:35.327Z] Command:       C:\Program Files\nodejs\node.exe C:\Users\PRINCE\AppData\Roaming\npm\node_modules\firebase-tools\lib\bin\firebase.js deploy
[debug] [2019-03-30T20:24:35.328Z] CLI Version:   6.5.0
[debug] [2019-03-30T20:24:35.329Z] Platform:      win32
[debug] [2019-03-30T20:24:35.329Z] Node Version:  v10.15.1
[debug] [2019-03-30T20:24:36.054Z] Time:          Sat Mar 30 2019 20:24:35 GMT+0000 (Greenwich Mean Time)
[debug] [2019-03-30T20:24:36.054Z] ----------------------------------------------------------------------
[debug] 
[debug] [2019-03-30T20:24:36.337Z] > command requires scopes: ["email","openid","https://www.googleapis.com/auth/cloudplatformprojects.readonly","https://www.googleapis.com/auth/firebase","https://www.googleapis.com/auth/cloud-platform"]
[debug] [2019-03-30T20:24:36.342Z] > authorizing via signed-in user
[debug] [2019-03-30T20:24:36.344Z] [iam] checking project servicepulse-5a75b for permissions ["cloudfunctions.functions.create","cloudfunctions.functions.delete","cloudfunctions.functions.get","cloudfunctions.functions.list","cloudfunctions.functions.update","cloudfunctions.operations.get","firebase.projects.get"]
[debug] [2019-03-30T20:24:36.362Z] > refreshing access token with scopes: ["email","https://www.googleapis.com/auth/cloud-platform","https://www.googleapis.com/auth/cloudplatformprojects.readonly","https://www.googleapis.com/auth/firebase","openid"]
[debug] [2019-03-30T20:24:36.363Z] >>> HTTP REQUEST POST https://www.googleapis.com/oauth2/v3/token  
 <request body omitted>
[debug] [2019-03-30T20:25:42.834Z] <<< HTTP RESPONSE 200
[debug] [2019-03-30T20:25:42.924Z] >>> HTTP REQUEST POST https://cloudresourcemanager.googleapis.com/v1/projects/servicepulse-5a75b:testIamPermissions  

[debug] [2019-03-30T20:27:57.166Z] Error: Client network socket disconnected before secure TLS connection was established
    at TLSSocket.onConnectEnd (_tls_wrap.js:1088:19)
    at Object.onceWrapper (events.js:277:13)
    at TLSSocket.emit (events.js:194:15)
    at TLSSocket.EventEmitter.emit (domain.js:441:20)
    at endReadableNT (_stream_readable.js:1103:12)
    at process._tickCallback (internal/process/next_tick.js:63:19)
[error] 
[error] Error: Server Error. Client network socket disconnected before secure TLS connection was established
